[debug] [2024-05-15T08:17:48.986Z] ----------------------------------------------------------------------
[debug] [2024-05-15T08:17:48.988Z] Command:       C:\Program Files\nodejs\node.exe C:\Program Files\nodejs\node_modules\firebase-tools\lib\bin\firebase.js deploy
[debug] [2024-05-15T08:17:48.988Z] CLI Version:   13.6.1
[debug] [2024-05-15T08:17:48.988Z] Platform:      win32
[debug] [2024-05-15T08:17:48.988Z] Node Version:  v18.19.1
[debug] [2024-05-15T08:17:48.998Z] Time:          Wed May 15 2024 17:17:48 GMT+0900 (Japan Standard Time)
[debug] [2024-05-15T08:17:48.999Z] ----------------------------------------------------------------------
[debug] 
[debug] [2024-05-15T08:17:49.014Z] >>> [apiv2][query] GET https://firebase-public.firebaseio.com/cli.json [none]
[debug] [2024-05-15T08:17:49.152Z] > command requires scopes: ["email","openid","https://www.googleapis.com/auth/cloudplatformprojects.readonly","https://www.googleapis.com/auth/firebase","https://www.googleapis.com/auth/cloud-platform"]
[debug] [2024-05-15T08:17:49.152Z] > authorizing via signed-in user (souvik.de@sato-global.com)
[debug] [2024-05-15T08:17:49.153Z] [iam] checking project netflix-build-d0a29 for permissions ["firebase.projects.get","firebasehosting.sites.update"]
[debug] [2024-05-15T08:17:49.154Z] > refreshing access token with scopes: []
[debug] [2024-05-15T08:17:49.155Z] >>> [apiv2][query] POST https://www.googleapis.com/oauth2/v3/token [none]
[debug] [2024-05-15T08:17:49.155Z] >>> [apiv2][body] POST https://www.googleapis.com/oauth2/v3/token [omitted]
[debug] [2024-05-15T08:17:49.574Z] <<< [apiv2][status] POST https://www.googleapis.com/oauth2/v3/token 200
[debug] [2024-05-15T08:17:49.574Z] <<< [apiv2][body] POST https://www.googleapis.com/oauth2/v3/token [omitted]
[debug] [2024-05-15T08:17:49.599Z] >>> [apiv2][query] POST https://cloudresourcemanager.googleapis.com/v1/projects/netflix-build-d0a29:testIamPermissions [none]
[debug] [2024-05-15T08:17:49.600Z] >>> [apiv2][(partial)header] POST https://cloudresourcemanager.googleapis.com/v1/projects/netflix-build-d0a29:testIamPermissions x-goog-quota-user=projects/netflix-build-d0a29
[debug] [2024-05-15T08:17:49.600Z] >>> [apiv2][body] POST https://cloudresourcemanager.googleapis.com/v1/projects/netflix-build-d0a29:testIamPermissions {"permissions":["firebase.projects.get","firebasehosting.sites.update"]}
[debug] [2024-05-15T08:17:49.795Z] <<< [apiv2][status] GET https://firebase-public.firebaseio.com/cli.json 200
[debug] [2024-05-15T08:17:49.795Z] <<< [apiv2][body] GET https://firebase-public.firebaseio.com/cli.json {"cloudBuildErrorAfter":1594252800000,"cloudBuildWarnAfter":1590019200000,"defaultNode10After":1594252800000,"minVersion":"3.0.5","node8DeploysDisabledAfter":1613390400000,"node8RuntimeDisabledAfter":1615809600000,"node8WarnAfter":1600128000000}
[debug] [2024-05-15T08:17:50.416Z] <<< [apiv2][status] POST https://cloudresourcemanager.googleapis.com/v1/projects/netflix-build-d0a29:testIamPermissions 200
[debug] [2024-05-15T08:17:50.416Z] <<< [apiv2][body] POST https://cloudresourcemanager.googleapis.com/v1/projects/netflix-build-d0a29:testIamPermissions {"permissions":["firebase.projects.get","firebasehosting.sites.update"]}
[debug] [2024-05-15T08:17:50.420Z] >>> [apiv2][query] GET https://firebase.googleapis.com/v1beta1/projects/netflix-build-d0a29 [none]
[debug] [2024-05-15T08:17:51.027Z] <<< [apiv2][status] GET https://firebase.googleapis.com/v1beta1/projects/netflix-build-d0a29 200
[debug] [2024-05-15T08:17:51.027Z] <<< [apiv2][body] GET https://firebase.googleapis.com/v1beta1/projects/netflix-build-d0a29 {"projectId":"netflix-build-d0a29","projectNumber":"988961698115","displayName":"Netflix-build","name":"projects/netflix-build-d0a29","resources":{"hostingSite":"netflix-build-d0a29"},"state":"ACTIVE","etag":"1_9fec4bf2-e98e-45da-a385-8932829539c1"}
[info] 
[info] === Deploying to 'netflix-build-d0a29'...
[info] 
[info] i  deploying hosting 
[debug] [2024-05-15T08:17:51.035Z] >>> [apiv2][query] POST https://firebasehosting.googleapis.com/v1beta1/projects/-/sites/netflix-build-d0a29/versions [none]
[debug] [2024-05-15T08:17:51.035Z] >>> [apiv2][body] POST https://firebasehosting.googleapis.com/v1beta1/projects/-/sites/netflix-build-d0a29/versions {"status":"CREATED","labels":{"deployment-tool":"cli-firebase"}}
[debug] [2024-05-15T08:17:52.414Z] <<< [apiv2][status] POST https://firebasehosting.googleapis.com/v1beta1/projects/-/sites/netflix-build-d0a29/versions 200
[debug] [2024-05-15T08:17:52.414Z] <<< [apiv2][body] POST https://firebasehosting.googleapis.com/v1beta1/projects/-/sites/netflix-build-d0a29/versions {"name":"projects/988961698115/sites/netflix-build-d0a29/versions/c8f45836bb18f49e","status":"CREATED","config":{},"labels":{"deployment-tool":"cli-firebase"}}
[info] i  hosting[netflix-build-d0a29]: beginning deploy... 
[info] i  hosting[netflix-build-d0a29]: found 14 files in build 
[debug] [2024-05-15T08:17:52.426Z] [hosting] uploading with 200 concurrency
[debug] [2024-05-15T08:17:52.695Z] [hosting] hash cache [YnVpbGQ] stored for 14 files
[debug] [2024-05-15T08:17:52.695Z] [hosting][hash queue][FINAL] {"max":247,"min":3,"avg":24,"active":0,"complete":14,"success":14,"errored":0,"retried":0,"total":14,"elapsed":254}
[debug] [2024-05-15T08:17:52.696Z] >>> [apiv2][query] POST https://firebasehosting.googleapis.com/v1beta1/projects/988961698115/sites/netflix-build-d0a29/versions/c8f45836bb18f49e:populateFiles [none]
[debug] [2024-05-15T08:17:52.696Z] >>> [apiv2][body] POST https://firebasehosting.googleapis.com/v1beta1/projects/988961698115/sites/netflix-build-d0a29/versions/c8f45836bb18f49e:populateFiles {"files":{"/favicon.ico":"87aecafb41d21ea93b7af81398237b980c43ee880676c78630ee2d1e9a6d711f","/logo192.png":"f828a9b963ec5204aa089120a98166c6e4a15fda839cb17a2c412b9395cfee93","/logo512.png":"7fb1e7d0821666ef320f54be1ef3743700bcd1d9e6d9bd11a513731bf72cede6","/manifest.json":"ee04fb47e525c67d8424ffe9b4d8a8a24e434504478afca4e0ca602146836d4c","/robots.txt":"5fcd5c559ded0c02b3ed7840ca3ee77e95b798730af98d9f18bc627ac898071e","/index.html":"aa8392133280cbef7df46290912ab12fba83450984f9c029b381a779451f4eb2","/asset-manifest.json":"69d21340fef74d8b04321ed8bf161648b9883c3032325d5d66e8603913aa0f80","/static/css/main.4eedf5c4.css":"c2c38a828793758011d7333bac21a1586778584c537b8db996b28fbfe766eaaa","/static/js/453.7811d0e1.chunk.js":"4603d6a87d127f19b3c41ac06d271fa234734055ee57074580599b5d0d9ee838","/static/js/main.8b108c73.js.LICENSE.txt":"20ea0e04f0b6bed9f0c5d783dad8f76f9d90e2be705a6bd5ea05c292bb4a1ab1","/static/css/main.4eedf5c4.css.map":"3e37a802e0731e77c460d0b54c4b40b58fabdbc57490b91381eef4d4913cb697","/static/js/453.7811d0e1.chunk.js.map":"d154a20d3b69245c732a23a0ef6a3fbb1b3cb4a978a85708d22c803953cb9d46","/static/js/main.8b108c73.js":"beabb8dfb52b75cbbab6c23f0ba2abb21073f7ac0984eb48ac4408696c19aef2","/static/js/main.8b108c73.js.map":"81bf198fcac57e8c35ff71359bdac1d807516e482ee189f3ad1685916f9dcc43"}}
[debug] [2024-05-15T08:17:53.442Z] <<< [apiv2][status] POST https://firebasehosting.googleapis.com/v1beta1/projects/988961698115/sites/netflix-build-d0a29/versions/c8f45836bb18f49e:populateFiles 200
[debug] [2024-05-15T08:17:53.442Z] <<< [apiv2][body] POST https://firebasehosting.googleapis.com/v1beta1/projects/988961698115/sites/netflix-build-d0a29/versions/c8f45836bb18f49e:populateFiles {"uploadRequiredHashes":["aa8392133280cbef7df46290912ab12fba83450984f9c029b381a779451f4eb2","81bf198fcac57e8c35ff71359bdac1d807516e482ee189f3ad1685916f9dcc43","69d21340fef74d8b04321ed8bf161648b9883c3032325d5d66e8603913aa0f80","beabb8dfb52b75cbbab6c23f0ba2abb21073f7ac0984eb48ac4408696c19aef2"],"uploadUrl":"https://upload-firebasehosting.googleapis.com/upload/sites/netflix-build-d0a29/versions/c8f45836bb18f49e/files"}
[debug] [2024-05-15T08:17:53.444Z] >>> [apiv2][query] POST https://upload-firebasehosting.googleapis.com/upload/sites/netflix-build-d0a29/versions/c8f45836bb18f49e/files/aa8392133280cbef7df46290912ab12fba83450984f9c029b381a779451f4eb2 [none]
[debug] [2024-05-15T08:17:53.444Z] >>> [apiv2][body] POST https://upload-firebasehosting.googleapis.com/upload/sites/netflix-build-d0a29/versions/c8f45836bb18f49e/files/aa8392133280cbef7df46290912ab12fba83450984f9c029b381a779451f4eb2 [stream]
[debug] [2024-05-15T08:17:53.446Z] >>> [apiv2][query] POST https://upload-firebasehosting.googleapis.com/upload/sites/netflix-build-d0a29/versions/c8f45836bb18f49e/files/81bf198fcac57e8c35ff71359bdac1d807516e482ee189f3ad1685916f9dcc43 [none]
[debug] [2024-05-15T08:17:53.446Z] >>> [apiv2][body] POST https://upload-firebasehosting.googleapis.com/upload/sites/netflix-build-d0a29/versions/c8f45836bb18f49e/files/81bf198fcac57e8c35ff71359bdac1d807516e482ee189f3ad1685916f9dcc43 [stream]
[debug] [2024-05-15T08:17:53.448Z] >>> [apiv2][query] POST https://upload-firebasehosting.googleapis.com/upload/sites/netflix-build-d0a29/versions/c8f45836bb18f49e/files/69d21340fef74d8b04321ed8bf161648b9883c3032325d5d66e8603913aa0f80 [none]
[debug] [2024-05-15T08:17:53.448Z] >>> [apiv2][body] POST https://upload-firebasehosting.googleapis.com/upload/sites/netflix-build-d0a29/versions/c8f45836bb18f49e/files/69d21340fef74d8b04321ed8bf161648b9883c3032325d5d66e8603913aa0f80 [stream]
[debug] [2024-05-15T08:17:53.450Z] >>> [apiv2][query] POST https://upload-firebasehosting.googleapis.com/upload/sites/netflix-build-d0a29/versions/c8f45836bb18f49e/files/beabb8dfb52b75cbbab6c23f0ba2abb21073f7ac0984eb48ac4408696c19aef2 [none]
[debug] [2024-05-15T08:17:53.450Z] >>> [apiv2][body] POST https://upload-firebasehosting.googleapis.com/upload/sites/netflix-build-d0a29/versions/c8f45836bb18f49e/files/beabb8dfb52b75cbbab6c23f0ba2abb21073f7ac0984eb48ac4408696c19aef2 [stream]
[debug] [2024-05-15T08:17:53.451Z] [hosting][populate queue][FINAL] {"max":752,"min":752,"avg":752,"active":0,"complete":1,"success":1,"errored":0,"retried":0,"total":1,"elapsed":759}
[debug] [2024-05-15T08:17:53.451Z] [hosting] uploads queued: 4
[debug] [2024-05-15T08:17:54.619Z] <<< [apiv2][status] POST https://upload-firebasehosting.googleapis.com/upload/sites/netflix-build-d0a29/versions/c8f45836bb18f49e/files/aa8392133280cbef7df46290912ab12fba83450984f9c029b381a779451f4eb2 200
[debug] [2024-05-15T08:17:54.619Z] <<< [apiv2][body] POST https://upload-firebasehosting.googleapis.com/upload/sites/netflix-build-d0a29/versions/c8f45836bb18f49e/files/aa8392133280cbef7df46290912ab12fba83450984f9c029b381a779451f4eb2 [stream]
[debug] [2024-05-15T08:17:54.669Z] <<< [apiv2][status] POST https://upload-firebasehosting.googleapis.com/upload/sites/netflix-build-d0a29/versions/c8f45836bb18f49e/files/beabb8dfb52b75cbbab6c23f0ba2abb21073f7ac0984eb48ac4408696c19aef2 200
[debug] [2024-05-15T08:17:54.669Z] <<< [apiv2][body] POST https://upload-firebasehosting.googleapis.com/upload/sites/netflix-build-d0a29/versions/c8f45836bb18f49e/files/beabb8dfb52b75cbbab6c23f0ba2abb21073f7ac0984eb48ac4408696c19aef2 [stream]
[debug] [2024-05-15T08:17:55.035Z] <<< [apiv2][status] POST https://upload-firebasehosting.googleapis.com/upload/sites/netflix-build-d0a29/versions/c8f45836bb18f49e/files/81bf198fcac57e8c35ff71359bdac1d807516e482ee189f3ad1685916f9dcc43 200
[debug] [2024-05-15T08:17:55.035Z] <<< [apiv2][body] POST https://upload-firebasehosting.googleapis.com/upload/sites/netflix-build-d0a29/versions/c8f45836bb18f49e/files/81bf198fcac57e8c35ff71359bdac1d807516e482ee189f3ad1685916f9dcc43 [stream]
[debug] [2024-05-15T08:17:55.077Z] <<< [apiv2][status] POST https://upload-firebasehosting.googleapis.com/upload/sites/netflix-build-d0a29/versions/c8f45836bb18f49e/files/69d21340fef74d8b04321ed8bf161648b9883c3032325d5d66e8603913aa0f80 200
[debug] [2024-05-15T08:17:55.078Z] <<< [apiv2][body] POST https://upload-firebasehosting.googleapis.com/upload/sites/netflix-build-d0a29/versions/c8f45836bb18f49e/files/69d21340fef74d8b04321ed8bf161648b9883c3032325d5d66e8603913aa0f80 [stream]
[debug] [2024-05-15T08:17:55.078Z] [hosting][upload queue][FINAL] {"max":1635,"min":1176,"avg":1407,"active":0,"complete":4,"success":4,"errored":0,"retried":0,"total":4,"elapsed":1635}
[info] +  hosting[netflix-build-d0a29]: file upload complete 
[debug] [2024-05-15T08:17:55.079Z] [hosting] deploy completed after 2663ms
[debug] [2024-05-15T08:17:55.079Z] [
  {
    "config": {
      "public": "build",
      "ignore": [
        "firebase.json",
        "**/.*",
        "**/node_modules/**"
      ],
      "rewrites": [
        {
          "source": "**",
          "destination": "/index.html"
        }
      ],
      "site": "netflix-build-d0a29"
    },
    "version": "projects/988961698115/sites/netflix-build-d0a29/versions/c8f45836bb18f49e"
  }
]
[info] i  hosting[netflix-build-d0a29]: finalizing version... 
[debug] [2024-05-15T08:17:55.081Z] >>> [apiv2][query] PATCH https://firebasehosting.googleapis.com/v1beta1/projects/-/sites/netflix-build-d0a29/versions/c8f45836bb18f49e updateMask=status%2Cconfig
[debug] [2024-05-15T08:17:55.081Z] >>> [apiv2][body] PATCH https://firebasehosting.googleapis.com/v1beta1/projects/-/sites/netflix-build-d0a29/versions/c8f45836bb18f49e {"status":"FINALIZED","config":{"rewrites":[{"glob":"**","path":"/index.html"}]}}
[debug] [2024-05-15T08:17:55.923Z] <<< [apiv2][status] PATCH https://firebasehosting.googleapis.com/v1beta1/projects/-/sites/netflix-build-d0a29/versions/c8f45836bb18f49e 200
[debug] [2024-05-15T08:17:55.923Z] <<< [apiv2][body] PATCH https://firebasehosting.googleapis.com/v1beta1/projects/-/sites/netflix-build-d0a29/versions/c8f45836bb18f49e {"name":"projects/988961698115/sites/netflix-build-d0a29/versions/c8f45836bb18f49e","status":"FINALIZED","config":{"rewrites":[{"glob":"**","path":"/index.html"}]},"labels":{"deployment-tool":"cli-firebase"},"createTime":"2024-05-15T08:17:51.939864Z","createUser":{"email":"souvik.de@sato-global.com"},"finalizeTime":"2024-05-15T08:17:55.799Z","finalizeUser":{"email":"souvik.de@sato-global.com"}}
[debug] [2024-05-15T08:17:55.923Z] [hosting] finalized version for netflix-build-d0a29:[object Object]
[info] +  hosting[netflix-build-d0a29]: version finalized 
[info] i  hosting[netflix-build-d0a29]: releasing new version... 
[debug] [2024-05-15T08:17:55.924Z] >>> [apiv2][query] POST https://firebasehosting.googleapis.com/v1beta1/projects/-/sites/netflix-build-d0a29/channels/live/releases versionName=projects%2F988961698115%2Fsites%2Fnetflix-build-d0a29%2Fversions%2Fc8f45836bb18f49e
[debug] [2024-05-15T08:17:55.924Z] >>> [apiv2][body] POST https://firebasehosting.googleapis.com/v1beta1/projects/-/sites/netflix-build-d0a29/channels/live/releases {}
[debug] [2024-05-15T08:17:56.774Z] <<< [apiv2][status] POST https://firebasehosting.googleapis.com/v1beta1/projects/-/sites/netflix-build-d0a29/channels/live/releases 200
[debug] [2024-05-15T08:17:56.774Z] <<< [apiv2][body] POST https://firebasehosting.googleapis.com/v1beta1/projects/-/sites/netflix-build-d0a29/channels/live/releases {"name":"projects/988961698115/sites/netflix-build-d0a29/channels/live/releases/1715761076055000","version":{"name":"projects/988961698115/sites/netflix-build-d0a29/versions/c8f45836bb18f49e","status":"FINALIZED","config":{"rewrites":[{"glob":"**","path":"/index.html"}]},"labels":{"deployment-tool":"cli-firebase"},"createTime":"2024-05-15T08:17:51.939864Z","createUser":{"email":"souvik.de@sato-global.com","imageUrl":"https://lh3.googleusercontent.com/a/ACg8ocLbadC2TTYv44UJnZZUYsGC7SGVJZGgsIzP-CiaZrq98iXcog=mo"},"finalizeTime":"2024-05-15T08:17:55.799Z","finalizeUser":{"email":"souvik.de@sato-global.com","imageUrl":"https://lh3.googleusercontent.com/a/ACg8ocLbadC2TTYv44UJnZZUYsGC7SGVJZGgsIzP-CiaZrq98iXcog=mo"}},"type":"DEPLOY","releaseTime":"2024-05-15T08:17:56.055Z","releaseUser":{"email":"souvik.de@sato-global.com","imageUrl":"https://lh3.googleusercontent.com/a/ACg8ocLbadC2TTYv44UJnZZUYsGC7SGVJZGgsIzP-CiaZrq98iXcog=mo"}}
[debug] [2024-05-15T08:17:56.774Z] [hosting] release: {"name":"projects/988961698115/sites/netflix-build-d0a29/channels/live/releases/1715761076055000","version":{"name":"projects/988961698115/sites/netflix-build-d0a29/versions/c8f45836bb18f49e","status":"FINALIZED","config":{"rewrites":[{"glob":"**","path":"/index.html"}]},"labels":{"deployment-tool":"cli-firebase"},"createTime":"2024-05-15T08:17:51.939864Z","createUser":{"email":"souvik.de@sato-global.com","imageUrl":"https://lh3.googleusercontent.com/a/ACg8ocLbadC2TTYv44UJnZZUYsGC7SGVJZGgsIzP-CiaZrq98iXcog=mo"},"finalizeTime":"2024-05-15T08:17:55.799Z","finalizeUser":{"email":"souvik.de@sato-global.com","imageUrl":"https://lh3.googleusercontent.com/a/ACg8ocLbadC2TTYv44UJnZZUYsGC7SGVJZGgsIzP-CiaZrq98iXcog=mo"}},"type":"DEPLOY","releaseTime":"2024-05-15T08:17:56.055Z","releaseUser":{"email":"souvik.de@sato-global.com","imageUrl":"https://lh3.googleusercontent.com/a/ACg8ocLbadC2TTYv44UJnZZUYsGC7SGVJZGgsIzP-CiaZrq98iXcog=mo"}}
[info] +  hosting[netflix-build-d0a29]: release complete 
[info] 
[info] +  Deploy complete! 
[info] 
[info] Project Console: https://console.firebase.google.com/project/netflix-build-d0a29/overview
[info] Hosting URL: https://netflix-build-d0a29.web.app
